0 info it worked if it ends with ok
1 verbose cli [ '/usr/bin/nodejs',
1 verbose cli   '/usr/bin/npm',
1 verbose cli   'install',
1 verbose cli   'ex-g',
1 verbose cli   'press-generator' ]
2 info using npm@1.4.21
3 info using node@v0.10.25
4 warn package.json load_balancer@0.0.0 No repository field.
5 warn package.json load_balancer@0.0.0 No README data
6 verbose readDependencies using package.json deps
7 verbose cache add [ 'ex-g', null ]
8 verbose cache add name=undefined spec="ex-g" args=["ex-g",null]
9 verbose parsed url { protocol: null,
9 verbose parsed url   slashes: null,
9 verbose parsed url   auth: null,
9 verbose parsed url   host: null,
9 verbose parsed url   port: null,
9 verbose parsed url   hostname: null,
9 verbose parsed url   hash: null,
9 verbose parsed url   search: null,
9 verbose parsed url   query: null,
9 verbose parsed url   pathname: 'ex-g',
9 verbose parsed url   path: 'ex-g',
9 verbose parsed url   href: 'ex-g' }
10 verbose cache add [ 'press-generator', null ]
11 verbose cache add name=undefined spec="press-generator" args=["press-generator",null]
12 verbose parsed url { protocol: null,
12 verbose parsed url   slashes: null,
12 verbose parsed url   auth: null,
12 verbose parsed url   host: null,
12 verbose parsed url   port: null,
12 verbose parsed url   hostname: null,
12 verbose parsed url   hash: null,
12 verbose parsed url   search: null,
12 verbose parsed url   query: null,
12 verbose parsed url   pathname: 'press-generator',
12 verbose parsed url   path: 'press-generator',
12 verbose parsed url   href: 'press-generator' }
13 silly lockFile b6e89883-ex-g ex-g
14 verbose lock ex-g /home/tejas/.npm/b6e89883-ex-g.lock
15 silly lockFile 3be18795-press-generator press-generator
16 verbose lock press-generator /home/tejas/.npm/3be18795-press-generator.lock
17 silly lockFile b6e89883-ex-g ex-g
18 silly lockFile b6e89883-ex-g ex-g
19 silly lockFile 3be18795-press-generator press-generator
20 silly lockFile 3be18795-press-generator press-generator
21 verbose addNamed [ 'ex-g', '' ]
22 verbose addNamed [ null, '*' ]
23 silly lockFile b39e24b5-ex-g ex-g@
24 verbose lock ex-g@ /home/tejas/.npm/b39e24b5-ex-g.lock
25 verbose addNamed [ 'press-generator', '' ]
26 verbose addNamed [ null, '*' ]
27 silly lockFile b55cff1f-press-generator press-generator@
28 verbose lock press-generator@ /home/tejas/.npm/b55cff1f-press-generator.lock
29 silly addNameRange { name: 'ex-g', range: '*', hasData: false }
30 verbose request where is /ex-g
31 verbose request registry https://registry.npmjs.org/
32 verbose request id 161e760e671cf345
33 verbose url raw /ex-g
34 verbose url resolving [ 'https://registry.npmjs.org/', './ex-g' ]
35 verbose url resolved https://registry.npmjs.org/ex-g
36 verbose request where is https://registry.npmjs.org/ex-g
37 info trying registry request attempt 1 at 11:07:55
38 http GET https://registry.npmjs.org/ex-g
39 silly addNameRange { name: 'press-generator', range: '*', hasData: false }
40 verbose request where is /press-generator
41 verbose request registry https://registry.npmjs.org/
42 verbose url raw /press-generator
43 verbose url resolving [ 'https://registry.npmjs.org/', './press-generator' ]
44 verbose url resolved https://registry.npmjs.org/press-generator
45 verbose request where is https://registry.npmjs.org/press-generator
46 info trying registry request attempt 1 at 11:07:55
47 http GET https://registry.npmjs.org/press-generator
48 http 404 https://registry.npmjs.org/ex-g
49 silly registry.get cb [ 404,
49 silly registry.get   { 'content-type': 'application/json',
49 silly registry.get     'cache-control': 'max-age=0',
49 silly registry.get     'content-length': '2',
49 silly registry.get     'accept-ranges': 'bytes',
49 silly registry.get     date: 'Wed, 25 May 2016 05:37:56 GMT',
49 silly registry.get     via: '1.1 varnish',
49 silly registry.get     age: '0',
49 silly registry.get     connection: 'keep-alive',
49 silly registry.get     'x-served-by': 'cache-sin6927-SIN',
49 silly registry.get     'x-cache': 'MISS',
49 silly registry.get     'x-cache-hits': '0',
49 silly registry.get     'x-timer': 'S1464154675.963940,VS0,VE251',
49 silly registry.get     vary: 'Accept-Encoding' } ]
50 silly lockFile b39e24b5-ex-g ex-g@
51 silly lockFile b39e24b5-ex-g ex-g@
52 error 404 Not Found
52 error 404
52 error 404 'ex-g' is not in the npm registry.
52 error 404 You should bug the author to publish it
52 error 404 It was specified as a dependency of 'load_balancer'
52 error 404
52 error 404 Note that you can also install from a
52 error 404 tarball, folder, or http url, or git url.
53 error System Linux 3.19.0-59-generic
54 error command "/usr/bin/nodejs" "/usr/bin/npm" "install" "ex-g" "press-generator"
55 error cwd /home/tejas/Desktop/JavaAutolab/load_balancer
56 error node -v v0.10.25
57 error npm -v 1.4.21
58 error code E404
59 verbose exit [ 1, true ]
